[debug] [2022-05-07T14:06:33.389Z] ----------------------------------------------------------------------
[debug] [2022-05-07T14:06:33.391Z] Command:       C:\Program Files\nodejs\node.exe C:\Users\Rowan Rona\AppData\Roaming\npm\node_modules\firebase-tools\lib\bin\firebase.js init
[debug] [2022-05-07T14:06:33.392Z] CLI Version:   10.6.0
[debug] [2022-05-07T14:06:33.392Z] Platform:      win32
[debug] [2022-05-07T14:06:33.392Z] Node Version:  v16.13.2
[debug] [2022-05-07T14:06:33.394Z] Time:          Sat May 07 2022 16:06:33 GMT+0200 (Central European Summer Time)
[debug] [2022-05-07T14:06:33.395Z] ----------------------------------------------------------------------
[debug] 
[debug] [2022-05-07T14:06:33.399Z] >>> [apiv2][query] GET https://firebase-public.firebaseio.com/cli.json [none]
[debug] [2022-05-07T14:06:33.430Z] > command requires scopes: ["email","openid","https://www.googleapis.com/auth/cloudplatformprojects.readonly","https://www.googleapis.com/auth/firebase","https://www.googleapis.com/auth/cloud-platform"]
[debug] [2022-05-07T14:06:33.431Z] > authorizing via signed-in user (rowan.kh1@gmail.com)
[info] 
     ######## #### ########  ######## ########     ###     ######  ########
     ##        ##  ##     ## ##       ##     ##  ##   ##  ##       ##
     ######    ##  ########  ######   ########  #########  ######  ######
     ##        ##  ##    ##  ##       ##     ## ##     ##       ## ##
     ##       #### ##     ## ######## ########  ##     ##  ######  ########

You're about to initialize a Firebase project in this directory:

  F:\Bachelorarbeit\boom-react

[debug] [2022-05-07T14:06:34.172Z] <<< [apiv2][status] GET https://firebase-public.firebaseio.com/cli.json 200
[debug] [2022-05-07T14:06:34.173Z] <<< [apiv2][body] GET https://firebase-public.firebaseio.com/cli.json {"cloudBuildErrorAfter":1594252800000,"cloudBuildWarnAfter":1590019200000,"defaultNode10After":1594252800000,"minVersion":"3.0.5","node8DeploysDisabledAfter":1613390400000,"node8RuntimeDisabledAfter":1615809600000,"node8WarnAfter":1600128000000}
